=== éƒ¨ç½²åº”ç”¨ / APPLY ===
==========================================
ç½‘ç»œåŠŸèƒ½ç±»å‹ / NF Type:          nat (NAT)
Kubernetes ä¸Šä¸‹æ–‡ / Kube context: kubernetes-admin@kubernetes
å‘½åç©ºé—´ / Namespace:            ns-nse-composition
åº”ç”¨æ ‡ç­¾ / App label:            app=nse-nat-vpp
==========================================
ä» '.' åº”ç”¨ kustomize é…ç½® / Applying kustomize from '.'...
namespace/ns-nse-composition created
configmap/nginx-config-b9f75kh6cm created
deployment.apps/nse-kernel created
deployment.apps/nse-nat-vpp created
networkservice.networkservicemesh.io/nse-composition created
pod/alpine created

=== ç­‰å¾… Pod å°±ç»ª / WAIT READY (app=nse-nat-vpp) ===
ç­‰å¾…å¸¦æœ‰æ ‡ç­¾ app=nse-nat-vpp çš„ Pod å‡ºç° (è¶…æ—¶: 60ç§’) / Waiting for pods with label app=nse-nat-vpp to appear (timeout: 60s)...
æ‰¾åˆ° 1 ä¸ª Pod (app=nse-nat-vpp),ç­‰å¾…å°±ç»ª (è¶…æ—¶: 180ç§’) / Found 1 pod(s) with app=nse-nat-vpp. Waiting for Ready (timeout: 180s)...
pod/nse-nat-vpp-7cb7bb7f6c-r9hqn condition met

å½“å‰ Pod çŠ¶æ€ / Current pods:
NAME                           READY   STATUS     RESTARTS   AGE   IP            NODE     NOMINATED NODE   READINESS GATES
alpine                         0/2     Init:0/1   0          20s   10.16.0.156   node01   <none>           <none>
nse-kernel-5d96b8d6d5-962xm    2/2     Running    0          20s   10.16.0.155   node01   <none>           <none>
nse-nat-vpp-7cb7bb7f6c-r9hqn   1/1     Running    0          20s   10.16.0.154   node01   <none>           <none>

=== ç­‰å¾… 10 ç§’ / SLEEP 10s ===

å½“å‰ Pod çŠ¶æ€ / Current pods:
NAME                           READY   STATUS    RESTARTS   AGE   IP            NODE     NOMINATED NODE   READINESS GATES
alpine                         2/2     Running   0          30s   10.16.0.156   node01   <none>           <none>
nse-kernel-5d96b8d6d5-962xm    2/2     Running   0          30s   10.16.0.155   node01   <none>           <none>
nse-nat-vpp-7cb7bb7f6c-r9hqn   1/1     Running   0          30s   10.16.0.154   node01   <none>           <none>

=== è¿è¡ŒåŠŸèƒ½æµ‹è¯• / RUN TESTS ===
==========================================
ç½‘ç»œåŠŸèƒ½ç±»å‹ / NF Type:          nat (NAT)
Kubernetes ä¸Šä¸‹æ–‡ / Kube context: kubernetes-admin@kubernetes
å‘½åç©ºé—´ / Namespace:            ns-nse-composition
åº”ç”¨æ ‡ç­¾ / App label:            app=nse-nat-vpp
==========================================
è¿è¡Œ NAT æµ‹è¯•è„šæœ¬ / Running NAT test script: /home/zzh/202511-NSM/nsm-iperf-experiment/cmd-nse-template/samenode-nat/nat-test.sh
æµ‹è¯•å‘½åç©ºé—´ / Test namespace: ns-nse-composition

========================================
VPP NAT44 åŠŸèƒ½æµ‹è¯•
å‘½åç©ºé—´: ns-nse-composition
æ—¶é—´: 2025-11-19 21:09:54
========================================

[1;33m[TEST][0m æµ‹è¯• 1: æ£€æŸ¥æ‰€æœ‰ Pod å°±ç»ªçŠ¶æ€
[0;32m[INFO][0m NSC Pod: alpine
[0;32m[INFO][0m NSE Pod: nse-kernel-5d96b8d6d5-962xm
[0;32m[INFO][0m NAT Pod: nse-nat-vpp-7cb7bb7f6c-r9hqn
[0;32m[INFO][0m âœ“ æµ‹è¯• 1 é€šè¿‡: æ‰€æœ‰ Pod å·²å°±ç»ª

[1;33m[TEST][0m æµ‹è¯• 2: ICMP è¿é€šæ€§æµ‹è¯• (ping)
[0;32m[INFO][0m æµ‹è¯• NSC -> NSE (172.16.1.100)
[0;31m[ERROR][0m âœ— NSC -> NSE ping å¤±è´¥
[0;32m[INFO][0m æµ‹è¯• NSE -> NSC (172.16.1.101)
[0;31m[ERROR][0m âœ— NSE -> NSC ping å¤±è´¥

[1;33m[TEST][0m æµ‹è¯• 3: VPP NAT44 é…ç½®æ£€æŸ¥
[0;32m[INFO][0m æŸ¥è¯¢ VPP NAT44 åœ°å€æ± 
[0;32m[INFO][0m æŸ¥è¯¢ VPP NAT44 æ¥å£
[0;32m[INFO][0m æŸ¥è¯¢ VPP NAT44 ä¼šè¯
[0;32m[INFO][0m âœ“ æµ‹è¯• 3 é€šè¿‡: VPP NAT44 åŸºæœ¬å‘½ä»¤å¯ç”¨

[1;33m[TEST][0m æµ‹è¯• 4: HTTP è¿é€šæ€§æµ‹è¯• (ç» NAT)
[0;32m[INFO][0m åœ¨ NSE ä¸Šå¯åŠ¨æµ‹è¯• HTTP æœåŠ¡å™¨ (åå°è¿è¡Œ)
[0;32m[INFO][0m æµ‹è¯• TCP ç«¯å£ 80 (ç» NAT è®¿é—®æœåŠ¡)
[0;31m[ERROR][0m âœ— ç«¯å£ 80 ä¸å¯è®¿é—®
[0;32m[INFO][0m æµ‹è¯• TCP ç«¯å£ 8080 (ç» NAT è®¿é—®æœåŠ¡)
[0;31m[ERROR][0m âœ— ç«¯å£ 8080 ä¸å¯è®¿é—®

[1;33m[TEST][0m æµ‹è¯• 5: iperf3 æ€§èƒ½æµ‹è¯• (TCP 5201 - å…è®¸é€šè¿‡)
[0;32m[INFO][0m æ£€æŸ¥ iperf3 æ˜¯å¦å·²å®‰è£…
[1;33m[WARN][0m iperf3 æœªå®‰è£…åœ¨ NSC,å°è¯•å®‰è£…...
[1;33m[WARN][0m iperf3 æœªå®‰è£…åœ¨ NSE,å°è¯•å®‰è£…...
[0;32m[INFO][0m åœ¨ NSE ä¸Šå¯åŠ¨ iperf3 æœåŠ¡å™¨ (ç«¯å£ 5201)
[0;32m[INFO][0m è¿è¡Œ iperf3 å®¢æˆ·ç«¯æµ‹è¯• (10ç§’, ç» NAT)
[0;31m[ERROR][0m âœ— iperf3 æ€§èƒ½æµ‹è¯•å¤±è´¥

[1;33m[TEST][0m æµ‹è¯• 6: SPIRE èº«ä»½éªŒè¯æ£€æŸ¥
[0;32m[INFO][0m æ£€æŸ¥ SPIRE Agent socket æŒ‚è½½
[0;32m[INFO][0m âœ“ SPIRE Agent socket å·²æŒ‚è½½
[0;32m[INFO][0m âœ“ æµ‹è¯• 6 é€šè¿‡: SPIRE é…ç½®æ£€æŸ¥å®Œæˆ

========================================
æµ‹è¯•ç»“æœæ±‡æ€»
========================================
[0;31m[ERROR][0m âœ— éƒ¨åˆ†æµ‹è¯•å¤±è´¥:
[0;31m[ERROR][0m   - ICMP è¿é€šæ€§æµ‹è¯• (NSC->NSE)
[0;31m[ERROR][0m   - ICMP è¿é€šæ€§æµ‹è¯• (NSE->NSC)
[0;31m[ERROR][0m   - HTTP è¿é€šæ€§æµ‹è¯• (TCP 80)
[0;31m[ERROR][0m   - HTTP è¿é€šæ€§æµ‹è¯• (TCP 8080)
[0;31m[ERROR][0m   - iperf3 æ€§èƒ½æµ‹è¯•
è­¦å‘Š: æµ‹è¯•å¤±è´¥æˆ–ä¸å¯ç”¨ / WARN: Tests failed or not available

=== æ”¶é›†æ—¥å¿— / COLLECT LOGS ===
==========================================
ç½‘ç»œåŠŸèƒ½ç±»å‹ / NF Type:          nat (NAT)
Kubernetes ä¸Šä¸‹æ–‡ / Kube context: kubernetes-admin@kubernetes
å‘½åç©ºé—´ / Namespace:            ns-nse-composition
åº”ç”¨æ ‡ç­¾ / App label:            app=nse-nat-vpp
==========================================
ä¿å­˜ alpine çš„æ—¥å¿— (å®¹å™¨: cmd-nsc-init) / Saving logs for alpine (container: cmd-nsc-init)
ä¿å­˜ nse-nat-vpp-7cb7bb7f6c-r9hqn çš„æ—¥å¿— / Saving logs for nse-nat-vpp-7cb7bb7f6c-r9hqn
æ—¥å¿—å·²å†™å…¥ / Logs written to /home/zzh/202511-NSM/nsm-iperf-experiment/cmd-nse-template/samenode-nat/logs/

=== æŸ¥çœ‹è¯¦æƒ… / DESCRIBE (app=nse-nat-vpp) ===
==========================================
ç½‘ç»œåŠŸèƒ½ç±»å‹ / NF Type:          nat (NAT)
Kubernetes ä¸Šä¸‹æ–‡ / Kube context: kubernetes-admin@kubernetes
å‘½åç©ºé—´ / Namespace:            ns-nse-composition
åº”ç”¨æ ‡ç­¾ / App label:            app=nse-nat-vpp
==========================================
+ kubectl describe pod -n ns-nse-composition nse-nat-vpp-7cb7bb7f6c-r9hqn 
Name:             nse-nat-vpp-7cb7bb7f6c-r9hqn
Namespace:        ns-nse-composition
Priority:         0
Service Account:  default
Node:             node01/192.168.1.8
Start Time:       Wed, 19 Nov 2025 21:09:24 -0500
Labels:           app=nse-nat-vpp
                  pod-template-hash=7cb7bb7f6c
                  spiffe.io/spiffe-id=true
Annotations:      k8s.v1.cni.cncf.io/network-status:
                    [{
                        "name": "kube-ovn",
                        "interface": "eth0",
                        "ips": [
                            "10.16.0.154"
                        ],
                        "mac": "82:8c:8c:6b:0d:66",
                        "default": true,
                        "dns": {},
                        "gateway": [
                            "10.16.0.1"
                        ]
                    }]
                  kubeovn.io/hostVeth-eth0: 98eb82151933_h
                  ovn.kubernetes.io/allocated: true
                  ovn.kubernetes.io/cidr: 10.16.0.0/16
                  ovn.kubernetes.io/gateway: 10.16.0.1
                  ovn.kubernetes.io/ip_address: 10.16.0.154
                  ovn.kubernetes.io/logical_router: ovn-cluster
                  ovn.kubernetes.io/logical_switch: ovn-default
                  ovn.kubernetes.io/mac_address: 82:8c:8c:6b:0d:66
                  ovn.kubernetes.io/pod_nic_type: veth-pair
                  ovn.kubernetes.io/routed: true
Status:           Running
IP:               10.16.0.154
IPs:
  IP:           10.16.0.154
Controlled By:  ReplicaSet/nse-nat-vpp-7cb7bb7f6c
Containers:
  nse:
    Container ID:   containerd://71a4367efcbc1c9e107094a8aea4bb1e9ad3af94c1e0b6b25ea1f9a8c6971157
    Image:          ifzzh520/vpp-nat44-nat:v1.0.6
    Image ID:       docker.io/ifzzh520/vpp-nat44-nat@sha256:bf58683f9b0d0a666dc2a36fa1acd3a87919329e40d31b3676b9627c67243f1a
    Port:           <none>
    Host Port:      <none>
    State:          Running
      Started:      Wed, 19 Nov 2025 21:09:43 -0500
    Ready:          True
    Restart Count:  0
    Environment:
      NSM_SERVICE_NAME:        nse-composition
      NSM_LABELS:              app:nat
      SPIFFE_ENDPOINT_SOCKET:  unix:///run/spire/sockets/agent.sock
      POD_NAME:                nse-nat-vpp-7cb7bb7f6c-r9hqn (v1:metadata.name)
      NSM_NAME:                $(POD_NAME)
      NSM_LOG_LEVEL:           TRACE
      NSM_CONNECT_TO:          unix:///var/lib/networkservicemesh/nsm.io.sock
    Mounts:
      /run/spire/sockets from spire-agent-socket (ro)
      /var/lib/networkservicemesh from nsm-socket (ro)
      /var/run/secrets/kubernetes.io/serviceaccount from kube-api-access-fcjd5 (ro)
Conditions:
  Type              Status
  Initialized       True 
  Ready             True 
  ContainersReady   True 
  PodScheduled      True 
Volumes:
  spire-agent-socket:
    Type:          HostPath (bare host directory volume)
    Path:          /run/spire/sockets
    HostPathType:  Directory
  nsm-socket:
    Type:          HostPath (bare host directory volume)
    Path:          /var/lib/networkservicemesh
    HostPathType:  DirectoryOrCreate
  kube-api-access-fcjd5:
    Type:                    Projected (a volume that contains injected data from multiple sources)
    TokenExpirationSeconds:  3607
    ConfigMapName:           kube-root-ca.crt
    ConfigMapOptional:       <nil>
    DownwardAPI:             true
QoS Class:                   BestEffort
Node-Selectors:              kubernetes.io/hostname=node01
Tolerations:                 node.kubernetes.io/not-ready:NoExecute op=Exists for 300s
                             node.kubernetes.io/unreachable:NoExecute op=Exists for 300s
Events:
  Type    Reason          Age    From               Message
  ----    ------          ----   ----               -------
  Normal  Scheduled       3m9s   default-scheduler  Successfully assigned ns-nse-composition/nse-nat-vpp-7cb7bb7f6c-r9hqn to node01
  Normal  AddedInterface  3m7s   multus             Add eth0 [10.16.0.154/16] from kube-ovn
  Normal  Pulling         3m7s   kubelet            Pulling image "ifzzh520/vpp-nat44-nat:v1.0.6"
  Normal  Pulled          2m50s  kubelet            Successfully pulled image "ifzzh520/vpp-nat44-nat:v1.0.6" in 17.15s (17.15s including waiting)
  Normal  Created         2m50s  kubelet            Created container nse
  Normal  Started         2m50s  kubelet            Started container nse

=== å®Œæˆ / DONE ===
