=== æ‹‰å–æœ€æ–°ä»£ç  / GIT PULL (repo root) ===
+ cd /home/zhengzihao/cmd-nse-template/samenode-firewall/.. && git pull
Already up to date.

=== éƒ¨ç½²åº”ç”¨ / APPLY ===
==========================================
ç½‘ç»œåŠŸèƒ½ç±»å‹ / NF Type:          firewall (é˜²ç«å¢™ / Firewall)
Kubernetes ä¸Šä¸‹æ–‡ / Kube context: kubernetes-admin@prod-cluster
å‘½åç©ºé—´ / Namespace:            ns-nse-composition
åº”ç”¨æ ‡ç­¾ / App label:            app=nse-firewall-vpp
==========================================
ä» '.' åº”ç”¨ kustomize é…ç½® / Applying kustomize from '.'...
namespace/ns-nse-composition created
configmap/firewall-config-file created
configmap/nginx-config-b9f75kh6cm created
deployment.apps/nse-firewall-vpp created
deployment.apps/nse-kernel created
networkservice.networkservicemesh.io/nse-composition created
pod/alpine created

=== ç­‰å¾… Pod å°±ç»ª / WAIT READY (app=nse-firewall-vpp) ===
ç­‰å¾…å¸¦æœ‰æ ‡ç­¾ app=nse-firewall-vpp çš„ Pod å‡ºç° (è¶…æ—¶: 60ç§’) / Waiting for pods with label app=nse-firewall-vpp to appear (timeout: 60s)...
æ‰¾åˆ° 1 ä¸ª Pod (app=nse-firewall-vpp),ç­‰å¾…å°±ç»ª (è¶…æ—¶: 180ç§’) / Found 1 pod(s) with app=nse-firewall-vpp. Waiting for Ready (timeout: 180s)...
pod/nse-firewall-vpp-b76b6c8b9-rx8ph condition met

å½“å‰ Pod çŠ¶æ€ / Current pods:
NAME                               READY   STATUS     RESTARTS   AGE   IP           NODE     NOMINATED NODE   READINESS GATES
alpine                             0/2     Init:0/1   0          3s    10.16.0.70   node01   <none>           <none>
nse-firewall-vpp-b76b6c8b9-rx8ph   1/1     Running    0          3s    10.16.0.69   node01   <none>           <none>
nse-kernel-5d96b8d6d5-bfsgq        2/2     Running    0          3s    10.16.0.68   node01   <none>           <none>

=== ç­‰å¾… 10 ç§’ / SLEEP 10s ===

å½“å‰ Pod çŠ¶æ€ / Current pods:
NAME                               READY   STATUS    RESTARTS   AGE   IP           NODE     NOMINATED NODE   READINESS GATES
alpine                             2/2     Running   0          13s   10.16.0.70   node01   <none>           <none>
nse-firewall-vpp-b76b6c8b9-rx8ph   1/1     Running   0          13s   10.16.0.69   node01   <none>           <none>
nse-kernel-5d96b8d6d5-bfsgq        2/2     Running   0          13s   10.16.0.68   node01   <none>           <none>

=== è¿è¡ŒåŠŸèƒ½æµ‹è¯• / RUN TESTS ===
==========================================
ç½‘ç»œåŠŸèƒ½ç±»å‹ / NF Type:          firewall (é˜²ç«å¢™ / Firewall)
Kubernetes ä¸Šä¸‹æ–‡ / Kube context: kubernetes-admin@prod-cluster
å‘½åç©ºé—´ / Namespace:            ns-nse-composition
åº”ç”¨æ ‡ç­¾ / App label:            app=nse-firewall-vpp
==========================================
è¿è¡Œ é˜²ç«å¢™ / Firewall æµ‹è¯•è„šæœ¬ / Running é˜²ç«å¢™ / Firewall test script: /home/zhengzihao/cmd-nse-template/samenode-firewall/firewall-test.sh
æµ‹è¯•å‘½åç©ºé—´ / Test namespace: ns-nse-composition

========================================
VPP ACL é˜²ç«å¢™åŠŸèƒ½æµ‹è¯•
å‘½åç©ºé—´: ns-nse-composition
æ—¶é—´: 2025-11-13 13:43:55
========================================

[1;33m[TEST][0m æµ‹è¯• 1: æ£€æŸ¥æ‰€æœ‰ Pod å°±ç»ªçŠ¶æ€
[0;32m[INFO][0m NSC Pod: alpine
[0;32m[INFO][0m NSE Pod: nse-kernel-5d96b8d6d5-bfsgq
[0;32m[INFO][0m é˜²ç«å¢™ Pod: nse-firewall-vpp-b76b6c8b9-rx8ph
[0;32m[INFO][0m âœ“ æµ‹è¯• 1 é€šè¿‡: æ‰€æœ‰ Pod å·²å°±ç»ª

[1;33m[TEST][0m æµ‹è¯• 2: ICMP è¿é€šæ€§æµ‹è¯• (ping)
[0;32m[INFO][0m æµ‹è¯• NSC -> NSE (172.16.1.100)
[0;32m[INFO][0m âœ“ NSC -> NSE ping æˆåŠŸ
[0;32m[INFO][0m æµ‹è¯• NSE -> NSC (172.16.1.101)
[0;32m[INFO][0m âœ“ NSE -> NSC ping æˆåŠŸ
[0;32m[INFO][0m âœ“ æµ‹è¯• 2 é€šè¿‡: ICMP è¿é€šæ€§æ­£å¸¸

[1;33m[TEST][0m æµ‹è¯• 3: VPP ACL è§„åˆ™éªŒè¯
[0;32m[INFO][0m æŸ¥è¯¢ VPP ACL è§„åˆ™
[0;32m[INFO][0m âœ“ VPP ACL è§„åˆ™å·²é…ç½®
[0;32m[INFO][0m âœ“ æµ‹è¯• 3 é€šè¿‡: VPP ACL è§„åˆ™å·²åŠ è½½

[1;33m[TEST][0m æµ‹è¯• 4: é˜²ç«å¢™è§„åˆ™æµ‹è¯• - TCP ç«¯å£è¿‡æ»¤
[0;32m[INFO][0m åœ¨ NSE ä¸Šå¯åŠ¨æµ‹è¯• HTTP æœåŠ¡å™¨ (åå°è¿è¡Œ)
[0;32m[INFO][0m æµ‹è¯• TCP ç«¯å£ 80 (åº”è¯¥è¢«é˜²ç«å¢™é˜»æ­¢)
[0;32m[INFO][0m âœ“ ç«¯å£ 80 è¢«é˜»æ­¢ (é˜²ç«å¢™è§„åˆ™ç”Ÿæ•ˆ)
[0;32m[INFO][0m æµ‹è¯• TCP ç«¯å£ 8080 (åº”è¯¥è¢«å…è®¸)
[0;31m[ERROR][0m âœ— ç«¯å£ 8080 ä¸å¯è®¿é—® (é˜²ç«å¢™è§„åˆ™æœªç”Ÿæ•ˆ)

[1;33m[TEST][0m æµ‹è¯• 5: iperf3 æ€§èƒ½æµ‹è¯• (TCP 5201 - å…è®¸é€šè¿‡)
[0;32m[INFO][0m æ£€æŸ¥ iperf3 æ˜¯å¦å·²å®‰è£…
[1;33m[WARN][0m iperf3 æœªå®‰è£…åœ¨ NSC,å°è¯•å®‰è£…...
[1;33m[WARN][0m iperf3 æœªå®‰è£…åœ¨ NSE,å°è¯•å®‰è£…...
[0;32m[INFO][0m åœ¨ NSE ä¸Šå¯åŠ¨ iperf3 æœåŠ¡å™¨ (ç«¯å£ 5201)
[0;32m[INFO][0m è¿è¡Œ iperf3 å®¢æˆ·ç«¯æµ‹è¯• (10ç§’)
[0;32m[INFO][0m âœ“ iperf3 æ€§èƒ½æµ‹è¯•æˆåŠŸ (TCP 5201 é€šè¿‡é˜²ç«å¢™)
[0;32m[INFO][0m âœ“ æµ‹è¯• 5 é€šè¿‡: iperf3 æ€§èƒ½æµ‹è¯•æ­£å¸¸

[1;33m[TEST][0m æµ‹è¯• 6: SPIRE èº«ä»½éªŒè¯æ£€æŸ¥
[0;32m[INFO][0m æ£€æŸ¥ SPIRE Agent socket æŒ‚è½½
[0;32m[INFO][0m âœ“ SPIRE Agent socket å·²æŒ‚è½½
[0;32m[INFO][0m âœ“ æµ‹è¯• 6 é€šè¿‡: SPIRE é…ç½®æ£€æŸ¥å®Œæˆ

========================================
æµ‹è¯•ç»“æœæ±‡æ€»
========================================
[0;31m[ERROR][0m âœ— éƒ¨åˆ†æµ‹è¯•å¤±è´¥:
[0;31m[ERROR][0m   - é˜²ç«å¢™è§„åˆ™æµ‹è¯• (TCP 8080 åº”å…è®¸)
è­¦å‘Š: æµ‹è¯•å¤±è´¥æˆ–ä¸å¯ç”¨ / WARN: Tests failed or not available

=== æ”¶é›†æ—¥å¿— / COLLECT LOGS ===
==========================================
ç½‘ç»œåŠŸèƒ½ç±»å‹ / NF Type:          firewall (é˜²ç«å¢™ / Firewall)
Kubernetes ä¸Šä¸‹æ–‡ / Kube context: kubernetes-admin@prod-cluster
å‘½åç©ºé—´ / Namespace:            ns-nse-composition
åº”ç”¨æ ‡ç­¾ / App label:            app=nse-firewall-vpp
==========================================
ä¿å­˜ alpine çš„æ—¥å¿— (å®¹å™¨: cmd-nsc-init) / Saving logs for alpine (container: cmd-nsc-init)
ä¿å­˜ nse-firewall-vpp-b76b6c8b9-rx8ph çš„æ—¥å¿— / Saving logs for nse-firewall-vpp-b76b6c8b9-rx8ph
æ—¥å¿—å·²å†™å…¥ / Logs written to /home/zhengzihao/cmd-nse-template/samenode-firewall/logs/

=== æŸ¥çœ‹è¯¦æƒ… / DESCRIBE (app=nse-firewall-vpp) ===
==========================================
ç½‘ç»œåŠŸèƒ½ç±»å‹ / NF Type:          firewall (é˜²ç«å¢™ / Firewall)
Kubernetes ä¸Šä¸‹æ–‡ / Kube context: kubernetes-admin@prod-cluster
å‘½åç©ºé—´ / Namespace:            ns-nse-composition
åº”ç”¨æ ‡ç­¾ / App label:            app=nse-firewall-vpp
==========================================
+ kubectl describe pod -n ns-nse-composition nse-firewall-vpp-b76b6c8b9-rx8ph 
Name:             nse-firewall-vpp-b76b6c8b9-rx8ph
Namespace:        ns-nse-composition
Priority:         0
Service Account:  default
Node:             node01/172.168.1.114
Start Time:       Thu, 13 Nov 2025 13:43:42 +0800
Labels:           app=nse-firewall-vpp
                  pod-template-hash=b76b6c8b9
                  spiffe.io/spiffe-id=true
Annotations:      k8s.v1.cni.cncf.io/network-status:
                    [{
                        "name": "kube-ovn",
                        "interface": "eth0",
                        "ips": [
                            "10.16.0.69"
                        ],
                        "mac": "de:ce:b3:5f:c7:d8",
                        "default": true,
                        "dns": {},
                        "gateway": [
                            "10.16.0.1"
                        ]
                    }]
                  kubeovn.io/hostVeth-eth0: 8e6143ef2ef1_h
                  ovn.kubernetes.io/allocated: true
                  ovn.kubernetes.io/cidr: 10.16.0.0/16
                  ovn.kubernetes.io/gateway: 10.16.0.1
                  ovn.kubernetes.io/ip_address: 10.16.0.69
                  ovn.kubernetes.io/logical_router: ovn-cluster
                  ovn.kubernetes.io/logical_switch: ovn-default
                  ovn.kubernetes.io/mac_address: de:ce:b3:5f:c7:d8
                  ovn.kubernetes.io/pod_nic_type: veth-pair
                  ovn.kubernetes.io/routed: true
Status:           Running
IP:               10.16.0.69
IPs:
  IP:           10.16.0.69
Controlled By:  ReplicaSet/nse-firewall-vpp-b76b6c8b9
Containers:
  nse:
    Container ID:   containerd://23a68ba89991c592e8b2d045c3455ca6167b794bb41f98312ac0a1ac93d93999
    Image:          ifzzh520/vpp-acl-firewall:v1.0.1
    Image ID:       docker.io/ifzzh520/vpp-acl-firewall@sha256:78551ea8c8c2eb3e302d0f2e17a795be7f1c21792dab63f6beb166d1514fc169
    Port:           <none>
    Host Port:      <none>
    State:          Running
      Started:      Thu, 13 Nov 2025 13:43:44 +0800
    Ready:          True
    Restart Count:  0
    Environment:
      NSM_SERVICE_NAME:        nse-composition
      NSM_LABELS:              app:firewall
      SPIFFE_ENDPOINT_SOCKET:  unix:///run/spire/sockets/agent.sock
      POD_NAME:                nse-firewall-vpp-b76b6c8b9-rx8ph (v1:metadata.name)
      NSM_NAME:                $(POD_NAME)
      NSM_LOG_LEVEL:           TRACE
      NSM_CONNECT_TO:          unix:///var/lib/networkservicemesh/nsm.io.sock
    Mounts:
      /etc/firewall/config.yaml from firewall-config-volume (rw,path="config.yaml")
      /run/spire/sockets from spire-agent-socket (ro)
      /var/lib/networkservicemesh from nsm-socket (ro)
      /var/run/secrets/kubernetes.io/serviceaccount from kube-api-access-jd7rc (ro)
Conditions:
  Type              Status
  Initialized       True 
  Ready             True 
  ContainersReady   True 
  PodScheduled      True 
Volumes:
  firewall-config-volume:
    Type:      ConfigMap (a volume populated by a ConfigMap)
    Name:      firewall-config-file
    Optional:  false
  spire-agent-socket:
    Type:          HostPath (bare host directory volume)
    Path:          /run/spire/sockets
    HostPathType:  Directory
  nsm-socket:
    Type:          HostPath (bare host directory volume)
    Path:          /var/lib/networkservicemesh
    HostPathType:  DirectoryOrCreate
  kube-api-access-jd7rc:
    Type:                    Projected (a volume that contains injected data from multiple sources)
    TokenExpirationSeconds:  3607
    ConfigMapName:           kube-root-ca.crt
    ConfigMapOptional:       <nil>
    DownwardAPI:             true
QoS Class:                   BestEffort
Node-Selectors:              kubernetes.io/hostname=node01
Tolerations:                 node.kubernetes.io/not-ready:NoExecute op=Exists for 300s
                             node.kubernetes.io/unreachable:NoExecute op=Exists for 300s
Events:
  Type    Reason          Age   From               Message
  ----    ------          ----  ----               -------
  Normal  Scheduled       43s   default-scheduler  Successfully assigned ns-nse-composition/nse-firewall-vpp-b76b6c8b9-rx8ph to node01
  Normal  AddedInterface  43s   multus             Add eth0 [10.16.0.69/16] from kube-ovn
  Normal  Pulling         43s   kubelet            Pulling image "ifzzh520/vpp-acl-firewall:v1.0.1"
  Normal  Pulled          41s   kubelet            Successfully pulled image "ifzzh520/vpp-acl-firewall:v1.0.1" in 1.947s (1.947s including waiting)
  Normal  Created         41s   kubelet            Created container nse
  Normal  Started         41s   kubelet            Started container nse

=== æäº¤å¹¶æ¨é€æ—¥å¿— / GIT COMMIT & PUSH LOGS (repo root) ===
+ cd /home/zhengzihao/cmd-nse-template/samenode-firewall/.. && git add .
